C:\PROGRAMDATA\BROWSERPROTECT\2.6.1339.144\{C16C1CCB-7046-4E5C-A2F3-533AD2FEC8E8}\BROWSERPROTECT.SETTINGS
C:\PROGRAMDATA\BROWSERPROTECT\2.6.1339.144\{C16C1CCB-7046-4E5C-A2F3-533AD2FEC8E8}\TRAKING_SETTINGS\00
C:\PROGRAMDATA\BROWSERPROTECT\2.6.1339.144\{C16C1CCB-7046-4E5C-A2F3-533AD2FEC8E8}\TRAKING_SETTINGS\01
C:\PROGRAMDATA\BROWSERPROTECT\2.6.1339.144\{C16C1CCB-7046-4E5C-A2F3-533AD2FEC8E8}\TRAKING_SETTINGS\02
C:\PROGRAMDATA\BROWSERPROTECT\2.6.1339.144\{C16C1CCB-7046-4E5C-A2F3-533AD2FEC8E8}\TRAKING_SETTINGS\03
C:\PROGRAMDATA\BROWSERPROTECT\2.6.1339.144\{C16C1CCB-7046-4E5C-A2F3-533AD2FEC8E8}\TRAKING_SETTINGS\10
C:\PROGRAMDATA\BROWSERPROTECT\2.6.1339.144\{C16C1CCB-7046-4E5C-A2F3-533AD2FEC8E8}\TRAKING_SETTINGS\11
C:\PROGRAMDATA\BROWSERPROTECT\2.6.1339.144\{C16C1CCB-7046-4E5C-A2F3-533AD2FEC8E8}\TRAKING_SETTINGS\12
C:\PROGRAMDATA\BROWSERPROTECT\2.6.1339.144\{C16C1CCB-7046-4E5C-A2F3-533AD2FEC8E8}\TRAKING_SETTINGS\13
C:\PROGRAMDATA\BROWSERPROTECT\2.6.1339.144\{C16C1CCB-7046-4E5C-A2F3-533AD2FEC8E8}\TRAKING_SETTINGS\20
C:\PROGRAMDATA\BROWSERPROTECT\2.6.1339.144\{C16C1CCB-7046-4E5C-A2F3-533AD2FEC8E8}\TRAKING_SETTINGS\21
C:\PROGRAMDATA\BROWSERPROTECT\2.6.1339.144\{C16C1CCB-7046-4E5C-A2F3-533AD2FEC8E8}\TRAKING_SETTINGS\22
C:\PROGRAMDATA\BROWSERPROTECT\2.6.1339.144\{C16C1CCB-7046-4E5C-A2F3-533AD2FEC8E8}\TRAKING_SETTINGS\23
D:\My College Document\Unikom\Grafkom\cobaOpenGLVs\cobaOpenGLVs\Debug\cl.command.1.tlog
D:\My College Document\Unikom\Grafkom\cobaOpenGLVs\cobaOpenGLVs\Debug\CL.read.1.tlog
D:\My College Document\Unikom\Grafkom\cobaOpenGLVs\cobaOpenGLVs\Debug\CL.write.1.tlog
D:\MY COLLEGE DOCUMENT\UNIKOM\GRAFKOM\COBAOPENGLVS\COBAOPENGLVS\DEBUG\COBAOPENGLVS.EXE.EMBED.MANIFEST
D:\MY COLLEGE DOCUMENT\UNIKOM\GRAFKOM\COBAOPENGLVS\COBAOPENGLVS\DEBUG\COBAOPENGLVS.EXE.EMBED.MANIFEST.RES
D:\MY COLLEGE DOCUMENT\UNIKOM\GRAFKOM\COBAOPENGLVS\COBAOPENGLVS\DEBUG\COBAOPENGLVS.EXE.INTERMEDIATE.MANIFEST
D:\My College Document\Unikom\Grafkom\cobaOpenGLVs\cobaOpenGLVs\Debug\cobaOpenGLVs_manifest.rc
D:\MY COLLEGE DOCUMENT\UNIKOM\GRAFKOM\COBAOPENGLVS\COBAOPENGLVS\DEBUG\IMAGELOADER.OBJ
D:\My College Document\Unikom\Grafkom\cobaOpenGLVs\cobaOpenGLVs\Debug\link.6508.read.1.tlog
D:\My College Document\Unikom\Grafkom\cobaOpenGLVs\cobaOpenGLVs\Debug\link.6508.write.1.tlog
D:\My College Document\Unikom\Grafkom\cobaOpenGLVs\cobaOpenGLVs\Debug\link.6508-cvtres.read.1.tlog
D:\My College Document\Unikom\Grafkom\cobaOpenGLVs\cobaOpenGLVs\Debug\link.6508-cvtres.write.1.tlog
D:\My College Document\Unikom\Grafkom\cobaOpenGLVs\cobaOpenGLVs\Debug\link.command.1.tlog
D:\My College Document\Unikom\Grafkom\cobaOpenGLVs\cobaOpenGLVs\Debug\link.read.1.tlog
D:\My College Document\Unikom\Grafkom\cobaOpenGLVs\cobaOpenGLVs\Debug\link.write.1.tlog
D:\My College Document\Unikom\Grafkom\cobaOpenGLVs\cobaOpenGLVs\Debug\link-cvtres.read.1.tlog
D:\My College Document\Unikom\Grafkom\cobaOpenGLVs\cobaOpenGLVs\Debug\link-cvtres.write.1.tlog
D:\My College Document\Unikom\Grafkom\cobaOpenGLVs\cobaOpenGLVs\Debug\mt.command.1.tlog
D:\My College Document\Unikom\Grafkom\cobaOpenGLVs\cobaOpenGLVs\Debug\mt.read.1.tlog
D:\My College Document\Unikom\Grafkom\cobaOpenGLVs\cobaOpenGLVs\Debug\mt.write.1.tlog
D:\My College Document\Unikom\Grafkom\cobaOpenGLVs\cobaOpenGLVs\Debug\rc.command.1.tlog
D:\My College Document\Unikom\Grafkom\cobaOpenGLVs\cobaOpenGLVs\Debug\rc.read.1.tlog
D:\My College Document\Unikom\Grafkom\cobaOpenGLVs\cobaOpenGLVs\Debug\rc.write.1.tlog
D:\MY COLLEGE DOCUMENT\UNIKOM\GRAFKOM\COBAOPENGLVS\COBAOPENGLVS\DEBUG\SAMPLETERAIN.OBJ
D:\My College Document\Unikom\Grafkom\cobaOpenGLVs\cobaOpenGLVs\Debug\vc100.idb
D:\MY COLLEGE DOCUMENT\UNIKOM\GRAFKOM\COBAOPENGLVS\COBAOPENGLVS\DEBUG\VC100.PDB
D:\MY COLLEGE DOCUMENT\UNIKOM\GRAFKOM\COBAOPENGLVS\COBAOPENGLVS\DEBUG\VEC3F.OBJ
D:\MY COLLEGE DOCUMENT\UNIKOM\GRAFKOM\COBAOPENGLVS\DEBUG\COBAOPENGLVS.EXE
D:\MY COLLEGE DOCUMENT\UNIKOM\GRAFKOM\COBAOPENGLVS\DEBUG\COBAOPENGLVS.ILK
D:\MY COLLEGE DOCUMENT\UNIKOM\GRAFKOM\COBAOPENGLVS\DEBUG\COBAOPENGLVS.PDB
