Build started 7/4/2013 9:31:36 AM.
     1>Project "D:\My College Document\Unikom\Grafkom\cobaOpenGLVs\cobaOpenGLVs\cobaOpenGLVs.vcxproj" on node 2 (rebuild target(s)).
     1>_PrepareForClean:
         Deleting file "Debug\cobaOpenGLVs.lastbuildstate".
     1>C:\Program Files (x86)\MSBuild\Microsoft.Cpp\v4.0\Microsoft.CppClean.targets(74,5): warning : The process cannot access the file 'C:\PROGRAMDATA\BROWSERPROTECT\2.6.1339.144\{C16C1CCB-7046-4E5C-A2F3-533AD2FEC8E8}\BROWSERPROTECT.SETTINGS' because it is being used by another process.
     1>C:\Program Files (x86)\MSBuild\Microsoft.Cpp\v4.0\Microsoft.CppClean.targets(74,5): warning : The process cannot access the file 'C:\PROGRAMDATA\BROWSERPROTECT\2.6.1339.144\{C16C1CCB-7046-4E5C-A2F3-533AD2FEC8E8}\TRAKING_SETTINGS\00' because it is being used by another process.
     1>C:\Program Files (x86)\MSBuild\Microsoft.Cpp\v4.0\Microsoft.CppClean.targets(74,5): warning : The process cannot access the file 'C:\PROGRAMDATA\BROWSERPROTECT\2.6.1339.144\{C16C1CCB-7046-4E5C-A2F3-533AD2FEC8E8}\TRAKING_SETTINGS\01' because it is being used by another process.
     1>C:\Program Files (x86)\MSBuild\Microsoft.Cpp\v4.0\Microsoft.CppClean.targets(74,5): warning : The process cannot access the file 'C:\PROGRAMDATA\BROWSERPROTECT\2.6.1339.144\{C16C1CCB-7046-4E5C-A2F3-533AD2FEC8E8}\TRAKING_SETTINGS\02' because it is being used by another process.
     1>C:\Program Files (x86)\MSBuild\Microsoft.Cpp\v4.0\Microsoft.CppClean.targets(74,5): warning : The process cannot access the file 'C:\PROGRAMDATA\BROWSERPROTECT\2.6.1339.144\{C16C1CCB-7046-4E5C-A2F3-533AD2FEC8E8}\TRAKING_SETTINGS\03' because it is being used by another process.
     1>C:\Program Files (x86)\MSBuild\Microsoft.Cpp\v4.0\Microsoft.CppClean.targets(74,5): warning : The process cannot access the file 'C:\PROGRAMDATA\BROWSERPROTECT\2.6.1339.144\{C16C1CCB-7046-4E5C-A2F3-533AD2FEC8E8}\TRAKING_SETTINGS\10' because it is being used by another process.
     1>C:\Program Files (x86)\MSBuild\Microsoft.Cpp\v4.0\Microsoft.CppClean.targets(74,5): warning : The process cannot access the file 'C:\PROGRAMDATA\BROWSERPROTECT\2.6.1339.144\{C16C1CCB-7046-4E5C-A2F3-533AD2FEC8E8}\TRAKING_SETTINGS\11' because it is being used by another process.
     1>C:\Program Files (x86)\MSBuild\Microsoft.Cpp\v4.0\Microsoft.CppClean.targets(74,5): warning : The process cannot access the file 'C:\PROGRAMDATA\BROWSERPROTECT\2.6.1339.144\{C16C1CCB-7046-4E5C-A2F3-533AD2FEC8E8}\TRAKING_SETTINGS\12' because it is being used by another process.
     1>C:\Program Files (x86)\MSBuild\Microsoft.Cpp\v4.0\Microsoft.CppClean.targets(74,5): warning : The process cannot access the file 'C:\PROGRAMDATA\BROWSERPROTECT\2.6.1339.144\{C16C1CCB-7046-4E5C-A2F3-533AD2FEC8E8}\TRAKING_SETTINGS\13' because it is being used by another process.
     1>C:\Program Files (x86)\MSBuild\Microsoft.Cpp\v4.0\Microsoft.CppClean.targets(74,5): warning : The process cannot access the file 'C:\PROGRAMDATA\BROWSERPROTECT\2.6.1339.144\{C16C1CCB-7046-4E5C-A2F3-533AD2FEC8E8}\TRAKING_SETTINGS\20' because it is being used by another process.
     1>C:\Program Files (x86)\MSBuild\Microsoft.Cpp\v4.0\Microsoft.CppClean.targets(74,5): warning : The process cannot access the file 'C:\PROGRAMDATA\BROWSERPROTECT\2.6.1339.144\{C16C1CCB-7046-4E5C-A2F3-533AD2FEC8E8}\TRAKING_SETTINGS\21' because it is being used by another process.
     1>C:\Program Files (x86)\MSBuild\Microsoft.Cpp\v4.0\Microsoft.CppClean.targets(74,5): warning : The process cannot access the file 'C:\PROGRAMDATA\BROWSERPROTECT\2.6.1339.144\{C16C1CCB-7046-4E5C-A2F3-533AD2FEC8E8}\TRAKING_SETTINGS\22' because it is being used by another process.
     1>C:\Program Files (x86)\MSBuild\Microsoft.Cpp\v4.0\Microsoft.CppClean.targets(74,5): warning : The process cannot access the file 'C:\PROGRAMDATA\BROWSERPROTECT\2.6.1339.144\{C16C1CCB-7046-4E5C-A2F3-533AD2FEC8E8}\TRAKING_SETTINGS\23' because it is being used by another process.
       InitializeBuildStatus:
         Creating "Debug\cobaOpenGLVs.unsuccessfulbuild" because "AlwaysCreate" was specified.
       ClCompile:
         C:\Program Files (x86)\Microsoft Visual Studio 10.0\VC\bin\CL.exe /c /ZI /nologo /W3 /WX- /Od /Oy- /D WIN32 /D _DEBUG /D _CONSOLE /D _UNICODE /D UNICODE /Gm /EHsc /RTC1 /MDd /GS /fp:precise /Zc:wchar_t /Zc:forScope /Fo"Debug\\" /Fd"Debug\vc100.pdb" /Gd /TP /analyze- /errorReport:prompt "..\..\sampleTerain-master\imageloader.cpp" "..\..\sampleTerain-master\sampleTerain.cpp" "..\..\sampleTerain-master\vec3f.cpp"
         vec3f.cpp
         sampleTerain.cpp
     1>d:\my college document\unikom\grafkom\sampleterain-master\sampleterain.cpp(234): warning C4996: 'fopen': This function or variable may be unsafe. Consider using fopen_s instead. To disable deprecation, use _CRT_SECURE_NO_WARNINGS. See online help for details.
                 c:\program files (x86)\microsoft visual studio 10.0\vc\include\stdio.h(234) : see declaration of 'fopen'
     1>d:\my college document\unikom\grafkom\sampleterain-master\sampleterain.cpp(383): warning C4996: 'fopen': This function or variable may be unsafe. Consider using fopen_s instead. To disable deprecation, use _CRT_SECURE_NO_WARNINGS. See online help for details.
                 c:\program files (x86)\microsoft visual studio 10.0\vc\include\stdio.h(234) : see declaration of 'fopen'
         imageloader.cpp
         Generating Code...
       ManifestResourceCompile:
         C:\Program Files (x86)\Microsoft SDKs\Windows\v7.0A\bin\rc.exe /nologo /fo"Debug\cobaOpenGLVs.exe.embed.manifest.res" Debug\cobaOpenGLVs_manifest.rc 
       Link:
         C:\Program Files (x86)\Microsoft Visual Studio 10.0\VC\bin\link.exe /ERRORREPORT:PROMPT /OUT:"D:\My College Document\Unikom\Grafkom\cobaOpenGLVs\Debug\cobaOpenGLVs.exe" /INCREMENTAL /NOLOGO kernel32.lib user32.lib gdi32.lib winspool.lib comdlg32.lib advapi32.lib shell32.lib ole32.lib oleaut32.lib uuid.lib odbc32.lib odbccp32.lib kernel32.lib user32.lib gdi32.lib winspool.lib comdlg32.lib advapi32.lib shell32.lib ole32.lib oleaut32.lib uuid.lib odbc32.lib odbccp32.lib glu32.Lib OpenGL32.Lib glut32.lib /MANIFEST /ManifestFile:"Debug\cobaOpenGLVs.exe.intermediate.manifest" /MANIFESTUAC:"level='asInvoker' uiAccess='false'" /DEBUG /PDB:"D:\My College Document\Unikom\Grafkom\cobaOpenGLVs\Debug\cobaOpenGLVs.pdb" /SUBSYSTEM:CONSOLE /TLBID:1 /DYNAMICBASE /NXCOMPAT /IMPLIB:"D:\My College Document\Unikom\Grafkom\cobaOpenGLVs\Debug\cobaOpenGLVs.lib" /MACHINE:X86 Debug\cobaOpenGLVs.exe.embed.manifest.res
         Debug\imageloader.obj
         Debug\sampleTerain.obj
         Debug\vec3f.obj
       Manifest:
         Deleting file "Debug\cobaOpenGLVs.exe.embed.manifest".
         C:\Program Files (x86)\Microsoft SDKs\Windows\v7.0A\bin\mt.exe /nologo /verbose /out:"Debug\cobaOpenGLVs.exe.embed.manifest" /manifest Debug\cobaOpenGLVs.exe.intermediate.manifest
         C:\Program Files (x86)\Microsoft SDKs\Windows\v7.0A\bin\rc.exe /nologo /fo"Debug\cobaOpenGLVs.exe.embed.manifest.res" Debug\cobaOpenGLVs_manifest.rc 
       LinkEmbedManifest:
         C:\Program Files (x86)\Microsoft Visual Studio 10.0\VC\bin\link.exe /ERRORREPORT:PROMPT /OUT:"D:\My College Document\Unikom\Grafkom\cobaOpenGLVs\Debug\cobaOpenGLVs.exe" /INCREMENTAL /NOLOGO kernel32.lib user32.lib gdi32.lib winspool.lib comdlg32.lib advapi32.lib shell32.lib ole32.lib oleaut32.lib uuid.lib odbc32.lib odbccp32.lib kernel32.lib user32.lib gdi32.lib winspool.lib comdlg32.lib advapi32.lib shell32.lib ole32.lib oleaut32.lib uuid.lib odbc32.lib odbccp32.lib glu32.Lib OpenGL32.Lib glut32.lib /MANIFEST /ManifestFile:"Debug\cobaOpenGLVs.exe.intermediate.manifest" /MANIFESTUAC:"level='asInvoker' uiAccess='false'" /DEBUG /PDB:"D:\My College Document\Unikom\Grafkom\cobaOpenGLVs\Debug\cobaOpenGLVs.pdb" /SUBSYSTEM:CONSOLE /TLBID:1 /DYNAMICBASE /NXCOMPAT /IMPLIB:"D:\My College Document\Unikom\Grafkom\cobaOpenGLVs\Debug\cobaOpenGLVs.lib" /MACHINE:X86 Debug\cobaOpenGLVs.exe.embed.manifest.res
         Debug\imageloader.obj
         Debug\sampleTerain.obj
         Debug\vec3f.obj
         cobaOpenGLVs.vcxproj -> D:\My College Document\Unikom\Grafkom\cobaOpenGLVs\Debug\cobaOpenGLVs.exe
       FinalizeBuildStatus:
         Deleting file "Debug\cobaOpenGLVs.unsuccessfulbuild".
         Touching "Debug\cobaOpenGLVs.lastbuildstate".
     1>Done Building Project "D:\My College Document\Unikom\Grafkom\cobaOpenGLVs\cobaOpenGLVs\cobaOpenGLVs.vcxproj" (rebuild target(s)).

Build succeeded.

Time Elapsed 00:00:03.69
