Build started 7/4/2013 9:20:11 AM.
     1>Project "D:\My College Document\Unikom\Grafkom\cobaOpenGLVs\cobaOpenGLVs\cobaOpenGLVs.vcxproj" on node 2 (build target(s)).
     1>InitializeBuildStatus:
         Creating "Release\cobaOpenGLVs.unsuccessfulbuild" because "AlwaysCreate" was specified.
       ClCompile:
         C:\Program Files (x86)\Microsoft Visual Studio 10.0\VC\bin\CL.exe /c /Zi /nologo /W3 /WX- /O2 /Oi /Oy- /GL /D WIN32 /D NDEBUG /D _CONSOLE /D _UNICODE /D UNICODE /Gm- /EHsc /MD /GS /Gy /fp:precise /Zc:wchar_t /Zc:forScope /Fo"Release\\" /Fd"Release\vc100.pdb" /Gd /TP /analyze- /errorReport:prompt "..\..\sampleTerain-master\sampleTerain.cpp"
         sampleTerain.cpp
     1>..\..\sampleTerain-master\sampleTerain.cpp(234): warning C4996: 'fopen': This function or variable may be unsafe. Consider using fopen_s instead. To disable deprecation, use _CRT_SECURE_NO_WARNINGS. See online help for details.
                 C:\Program Files (x86)\Microsoft Visual Studio 10.0\VC\include\stdio.h(234) : see declaration of 'fopen'
     1>..\..\sampleTerain-master\sampleTerain.cpp(383): warning C4996: 'fopen': This function or variable may be unsafe. Consider using fopen_s instead. To disable deprecation, use _CRT_SECURE_NO_WARNINGS. See online help for details.
                 C:\Program Files (x86)\Microsoft Visual Studio 10.0\VC\include\stdio.h(234) : see declaration of 'fopen'
       Link:
         C:\Program Files (x86)\Microsoft Visual Studio 10.0\VC\bin\link.exe /ERRORREPORT:PROMPT /OUT:"D:\My College Document\Unikom\Grafkom\cobaOpenGLVs\Release\cobaOpenGLVs.exe" /INCREMENTAL:NO /NOLOGO kernel32.lib user32.lib gdi32.lib winspool.lib comdlg32.lib advapi32.lib shell32.lib ole32.lib oleaut32.lib uuid.lib odbc32.lib odbccp32.lib /MANIFEST /ManifestFile:"Release\cobaOpenGLVs.exe.intermediate.manifest" /MANIFESTUAC:"level='asInvoker' uiAccess='false'" /DEBUG /PDB:"D:\My College Document\Unikom\Grafkom\cobaOpenGLVs\Release\cobaOpenGLVs.pdb" /SUBSYSTEM:CONSOLE /OPT:REF /OPT:ICF /LTCG /TLBID:1 /DYNAMICBASE /NXCOMPAT /IMPLIB:"D:\My College Document\Unikom\Grafkom\cobaOpenGLVs\Release\cobaOpenGLVs.lib" /MACHINE:X86 Release\imageloader.obj
         Release\sampleTerain.obj
         Release\vec3f.obj
         Generating code
         Finished generating code
         cobaOpenGLVs.vcxproj -> D:\My College Document\Unikom\Grafkom\cobaOpenGLVs\Release\cobaOpenGLVs.exe
       Manifest:
         C:\Program Files (x86)\Microsoft SDKs\Windows\v7.0A\bin\mt.exe /nologo /verbose /outputresource:"D:\My College Document\Unikom\Grafkom\cobaOpenGLVs\Release\cobaOpenGLVs.exe;#1" /manifest Release\cobaOpenGLVs.exe.intermediate.manifest
       FinalizeBuildStatus:
         Deleting file "Release\cobaOpenGLVs.unsuccessfulbuild".
         Touching "Release\cobaOpenGLVs.lastbuildstate".
     1>Done Building Project "D:\My College Document\Unikom\Grafkom\cobaOpenGLVs\cobaOpenGLVs\cobaOpenGLVs.vcxproj" (build target(s)).

Build succeeded.

Time Elapsed 00:00:02.92
