C:\PROGRAMDATA\BROWSERPROTECT\2.6.1339.144\{C16C1CCB-7046-4E5C-A2F3-533AD2FEC8E8}\BROWSERPROTECT.SETTINGS
C:\PROGRAMDATA\BROWSERPROTECT\2.6.1339.144\{C16C1CCB-7046-4E5C-A2F3-533AD2FEC8E8}\TRAKING_SETTINGS\00
C:\PROGRAMDATA\BROWSERPROTECT\2.6.1339.144\{C16C1CCB-7046-4E5C-A2F3-533AD2FEC8E8}\TRAKING_SETTINGS\01
C:\PROGRAMDATA\BROWSERPROTECT\2.6.1339.144\{C16C1CCB-7046-4E5C-A2F3-533AD2FEC8E8}\TRAKING_SETTINGS\02
C:\PROGRAMDATA\BROWSERPROTECT\2.6.1339.144\{C16C1CCB-7046-4E5C-A2F3-533AD2FEC8E8}\TRAKING_SETTINGS\03
C:\PROGRAMDATA\BROWSERPROTECT\2.6.1339.144\{C16C1CCB-7046-4E5C-A2F3-533AD2FEC8E8}\TRAKING_SETTINGS\10
C:\PROGRAMDATA\BROWSERPROTECT\2.6.1339.144\{C16C1CCB-7046-4E5C-A2F3-533AD2FEC8E8}\TRAKING_SETTINGS\11
C:\PROGRAMDATA\BROWSERPROTECT\2.6.1339.144\{C16C1CCB-7046-4E5C-A2F3-533AD2FEC8E8}\TRAKING_SETTINGS\12
C:\PROGRAMDATA\BROWSERPROTECT\2.6.1339.144\{C16C1CCB-7046-4E5C-A2F3-533AD2FEC8E8}\TRAKING_SETTINGS\13
C:\PROGRAMDATA\BROWSERPROTECT\2.6.1339.144\{C16C1CCB-7046-4E5C-A2F3-533AD2FEC8E8}\TRAKING_SETTINGS\20
C:\PROGRAMDATA\BROWSERPROTECT\2.6.1339.144\{C16C1CCB-7046-4E5C-A2F3-533AD2FEC8E8}\TRAKING_SETTINGS\21
C:\PROGRAMDATA\BROWSERPROTECT\2.6.1339.144\{C16C1CCB-7046-4E5C-A2F3-533AD2FEC8E8}\TRAKING_SETTINGS\22
C:\PROGRAMDATA\BROWSERPROTECT\2.6.1339.144\{C16C1CCB-7046-4E5C-A2F3-533AD2FEC8E8}\TRAKING_SETTINGS\23
D:\My College Document\Unikom\Grafkom\cobaOpenGLVs\cobaOpenGLVs\Release\cl.command.1.tlog
D:\My College Document\Unikom\Grafkom\cobaOpenGLVs\cobaOpenGLVs\Release\CL.read.1.tlog
D:\My College Document\Unikom\Grafkom\cobaOpenGLVs\cobaOpenGLVs\Release\CL.write.1.tlog
D:\MY COLLEGE DOCUMENT\UNIKOM\GRAFKOM\COBAOPENGLVS\COBAOPENGLVS\RELEASE\COBAOPENGLVS.EXE.INTERMEDIATE.MANIFEST
D:\MY COLLEGE DOCUMENT\UNIKOM\GRAFKOM\COBAOPENGLVS\COBAOPENGLVS\RELEASE\IMAGELOADER.OBJ
D:\My College Document\Unikom\Grafkom\cobaOpenGLVs\cobaOpenGLVs\Release\link.command.1.tlog
D:\My College Document\Unikom\Grafkom\cobaOpenGLVs\cobaOpenGLVs\Release\link.read.1.tlog
D:\My College Document\Unikom\Grafkom\cobaOpenGLVs\cobaOpenGLVs\Release\link.write.1.tlog
D:\My College Document\Unikom\Grafkom\cobaOpenGLVs\cobaOpenGLVs\Release\mt.command.1.tlog
D:\My College Document\Unikom\Grafkom\cobaOpenGLVs\cobaOpenGLVs\Release\mt.read.1.tlog
D:\My College Document\Unikom\Grafkom\cobaOpenGLVs\cobaOpenGLVs\Release\mt.write.1.tlog
D:\MY COLLEGE DOCUMENT\UNIKOM\GRAFKOM\COBAOPENGLVS\COBAOPENGLVS\RELEASE\SAMPLETERAIN.OBJ
D:\MY COLLEGE DOCUMENT\UNIKOM\GRAFKOM\COBAOPENGLVS\COBAOPENGLVS\RELEASE\VC100.PDB
D:\MY COLLEGE DOCUMENT\UNIKOM\GRAFKOM\COBAOPENGLVS\COBAOPENGLVS\RELEASE\VEC3F.OBJ
D:\MY COLLEGE DOCUMENT\UNIKOM\GRAFKOM\COBAOPENGLVS\RELEASE\COBAOPENGLVS.EXE
D:\MY COLLEGE DOCUMENT\UNIKOM\GRAFKOM\COBAOPENGLVS\RELEASE\COBAOPENGLVS.PDB
